info @storybook/react v6.5.0-beta.1
info 
info => Cleaning outputDir: C:\\Users\\Marco\\AppData\\Local\\Temp\\chromatic--7100-BUQKE6NRvlMq
(node:11196) DeprecationWarning: --static-dir CLI flag is deprecated, see:

https://github.com/storybookjs/storybook/blob/next/MIGRATION.md#deprecated---static-dir-cli-flag
(Use `node --trace-deprecation ...` to show where the warning was created)
info => Loading presets
info => Copying static files: ./public => ./
info => Compiling manager..
info => Compiling preview..
info Addon-docs: using MDX1
info => Loading Webpack configuration from `node_modules\react-scripts`
info => Removing existing JavaScript and TypeScript rules.
info => Modifying Create React App rules.
info => Using default Webpack5 setup
Browserslist: caniuse-lite is outdated. Please run:
npx browserslist@latest --update-db

Why you should do it regularly:
https://github.com/browserslist/browserslist#browsers-data-updating
<s> [webpack.Progress] 0% 

<s> [webpack.Progress] 1% setup before run
<s> [webpack.Progress] 1% setup before run NodeEnvironmentPlugin
<s> [webpack.Progress] 1% setup before run
<s> [webpack.Progress] 2% setup run
<s> [webpack.Progress] 2% setup run ESLintWebpackPlugin
<s> [webpack.Progress] 2% setup run ManifestPlugin
<s> [webpack.Progress] 2% setup run
<s> [webpack.Progress] 4% setup normal module factory
<s> [webpack.Progress] 4% setup normal module factory CaseSensitivePathsPlugin
<s> [webpack.Progress] 4% setup normal module factory ModuleNotFoundPlugin
<s> [webpack.Progress] 4% setup normal module factory IgnorePlugin
<s> [webpack.Progress] 4% setup normal module factory IgnorePlugin
<s> [webpack.Progress] 4% setup normal module factory
<s> [webpack.Progress] 5% setup context module factory
<s> [webpack.Progress] 5% setup context module factory IgnorePlugin
<s> [webpack.Progress] 5% setup context module factory IgnorePlugin
<s> [webpack.Progress] 5% setup context module factory
<s> [webpack.Progress] 6% setup before compile
<s> [webpack.Progress] 6% setup before compile ProgressPlugin
<s> [webpack.Progress] 6% setup before compile
<s> [webpack.Progress] 7% setup compile
<s> [webpack.Progress] 7% setup compile ExternalsPlugin
<s> [webpack.Progress] 7% setup compile
<s> [webpack.Progress] 8% setup compilation
<s> [webpack.Progress] 8% setup compilation mini-css-extract-plugin
<s> [webpack.Progress] 8% setup compilation ArrayPushCallbackChunkFormatPlugin
<s> [webpack.Progress] 8% setup compilation JsonpChunkLoadingPlugin
<s> [webpack.Progress] 8% setup compilation StartupChunkDependenciesPlugin
<s> [webpack.Progress] 8% setup compilation ImportScriptsChunkLoadingPlugin
<s> [webpack.Progress] 8% setup compilation FetchCompileWasmPlugin
<s> [webpack.Progress] 8% setup compilation FetchCompileAsyncWasmPlugin
<s> [webpack.Progress] 8% setup compilation WorkerPlugin
<s> [webpack.Progress] 8% setup compilation SplitChunksPlugin
<s> [webpack.Progress] 8% setup compilation RuntimeChunkPlugin
<s> [webpack.Progress] 8% setup compilation ResolverCachePlugin
<s> [webpack.Progress] 8% setup compilation HtmlWebpackPlugin
<s> [webpack.Progress] 8% setup compilation ESLintWebpackPlugin
<s> [webpack.Progress] 8% setup compilation
<s> [webpack.Progress] 9% setup compilation
<s> [webpack.Progress] 9% setup compilation DefinePlugin
<s> [webpack.Progress] 9% setup compilation ProvidePlugin
<s> [webpack.Progress] 9% setup compilation ProgressPlugin
<s> [webpack.Progress] 9% setup compilation InlineChunkHtmlPlugin
<s> [webpack.Progress] 9% setup compilation InterpolateHtmlPlugin
<s> [webpack.Progress] 9% setup compilation ChunkPrefetchPreloadPlugin
<s> [webpack.Progress] 9% setup compilation SourceMapDevToolPlugin
<s> [webpack.Progress] 9% setup compilation JavascriptModulesPlugin
<s> [webpack.Progress] 9% setup compilation JsonModulesPlugin
<s> [webpack.Progress] 9% setup compilation AssetModulesPlugin
<s> [webpack.Progress] 9% setup compilation EntryPlugin
<s> [webpack.Progress] 9% setup compilation EntryPlugin
<s> [webpack.Progress] 9% setup compilation EntryPlugin
<s> [webpack.Progress] 9% setup compilation EntryPlugin
<s> [webpack.Progress] 9% setup compilation EntryPlugin
<s> [webpack.Progress] 9% setup compilation EntryPlugin
<s> [webpack.Progress] 9% setup compilation EntryPlugin
<s> [webpack.Progress] 9% setup compilation EntryPlugin
<s> [webpack.Progress] 9% setup compilation EntryPlugin
<s> [webpack.Progress] 9% setup compilation EntryPlugin
<s> [webpack.Progress] 9% setup compilation EntryPlugin
<s> [webpack.Progress] 9% setup compilation EntryPlugin
<s> [webpack.Progress] 9% setup compilation EntryPlugin
<s> [webpack.Progress] 9% setup compilation EntryPlugin
<s> [webpack.Progress] 9% setup compilation RuntimePlugin
<s> [webpack.Progress] 9% setup compilation InferAsyncModulesPlugin
<s> [webpack.Progress] 9% setup compilation DataUriPlugin
<s> [webpack.Progress] 9% setup compilation FileUriPlugin
<s> [webpack.Progress] 9% setup compilation CompatibilityPlugin
<s> [webpack.Progress] 9% setup compilation HarmonyModulesPlugin
<s> [webpack.Progress] 9% setup compilation AMDPlugin
<s> [webpack.Progress] 9% setup compilation RequireJsStuffPlugin
<s> [webpack.Progress] 9% setup compilation CommonJsPlugin
<s> [webpack.Progress] 9% setup compilation LoaderPlugin
<s> [webpack.Progress] 9% setup compilation LoaderPlugin
<s> [webpack.Progress] 9% setup compilation NodeStuffPlugin
<s> [webpack.Progress] 9% setup compilation APIPlugin
<s> [webpack.Progress] 9% setup compilation ExportsInfoApiPlugin
<s> [webpack.Progress] 9% setup compilation WebpackIsIncludedPlugin
<s> [webpack.Progress] 9% setup compilation ConstPlugin
<s> [webpack.Progress] 9% setup compilation UseStrictPlugin
<s> [webpack.Progress] 9% setup compilation RequireIncludePlugin
<s> [webpack.Progress] 9% setup compilation RequireEnsurePlugin
<s> [webpack.Progress] 9% setup compilation RequireContextPlugin
<s> [webpack.Progress] 9% setup compilation ImportPlugin
<s> [webpack.Progress] 9% setup compilation RequireContextPlugin
<s> [webpack.Progress] 9% setup compilation SystemPlugin
<s> [webpack.Progress] 9% setup compilation ImportMetaPlugin
<s> [webpack.Progress] 9% setup compilation URLPlugin
<s> [webpack.Progress] 9% setup compilation DefaultStatsFactoryPlugin
<s> [webpack.Progress] 9% setup compilation DefaultStatsPresetPlugin
<s> [webpack.Progress] 9% setup compilation DefaultStatsPrinterPlugin
<s> [webpack.Progress] 9% setup compilation JavascriptMetaInfoPlugin
<s> [webpack.Progress] 9% setup compilation EnsureChunkConditionsPlugin
<s> [webpack.Progress] 9% setup compilation RemoveEmptyChunksPlugin
<s> [webpack.Progress] 9% setup compilation MergeDuplicateChunksPlugin
<s> [webpack.Progress] 9% setup compilation FlagIncludedChunksPlugin
<s> [webpack.Progress] 9% setup compilation SideEffectsFlagPlugin
<s> [webpack.Progress] 9% setup compilation FlagDependencyExportsPlugin
<s> [webpack.Progress] 9% setup compilation FlagDependencyUsagePlugin
<s> [webpack.Progress] 9% setup compilation InnerGraphPlugin
<s> [webpack.Progress] 9% setup compilation MangleExportsPlugin
<s> [webpack.Progress] 9% setup compilation ModuleConcatenationPlugin
<s> [webpack.Progress] 9% setup compilation NoEmitOnErrorsPlugin
<s> [webpack.Progress] 9% setup compilation RealContentHashPlugin
<s> [webpack.Progress] 9% setup compilation WasmFinalizeExportsPlugin
<s> [webpack.Progress] 9% setup compilation NamedModuleIdsPlugin
<s> [webpack.Progress] 9% setup compilation DeterministicChunkIdsPlugin
<s> [webpack.Progress] 9% setup compilation DefinePlugin
<s> [webpack.Progress] 9% setup compilation TerserPlugin
<s> [webpack.Progress] 9% setup compilation TemplatedPathPlugin
<s> [webpack.Progress] 9% setup compilation RecordIdsPlugin
<s> [webpack.Progress] 9% setup compilation WarnCaseSensitiveModulesPlugin
<s> [webpack.Progress] 9% setup compilation IgnoreWarningsPlugin
<s> [webpack.Progress] 9% setup compilation ManifestPlugin
<s> [webpack.Progress] 9% setup compilation
<s> [webpack.Progress] 10% building
<s> [webpack.Progress] 10% building 0/1 entries 0/0 dependencies 0/0 modules
(node:11196) [DEP_WEBPACK_MAIN_TEMPLATE_RENDER_MANIFEST] DeprecationWarning: MainTemplate.hooks.renderManifest is deprecated (use Compilation.hooks.renderManifest instead)
(node:11196) [DEP_WEBPACK_CHUNK_TEMPLATE_RENDER_MANIFEST] DeprecationWarning: ChunkTemplate.hooks.renderManifest is deprecated (use Compilation.hooks.renderManifest instead)
(node:11196) [DEP_WEBPACK_MAIN_TEMPLATE_HASH_FOR_CHUNK] DeprecationWarning: MainTemplate.hooks.hashForChunk is deprecated (use JavascriptModulesPlugin.getCompilationHooks().chunkHash instead)
<s> [webpack.Progress] 13% building 1/14 entries 1/14 dependencies 0/0 modules
<s> [webpack.Progress] 99% cache begin idle
<s> [webpack.Progress] 99% cache begin idle
<s> [webpack.Progress] 100% 

ERR! => Failed to build the preview
ERR! NormalModuleFactory.beforeResolve (IgnorePlugin, IgnorePlugin) is no longer a waterfall hook, but a bailing hook instead. Do not return the passed object, but modify it instead. Returning false will ignore the request and results in no module created.
<s> [webpack.Progress] 99% cache shutdown
<s> [webpack.Progress] 99% cache shutdown
<s> [webpack.Progress] 100% 

<s> [webpack.Progress] 17% building 2/14 entries 2/14 dependencies 0/0 modules
<s> [webpack.Progress] 21% building 3/14 entries 3/14 dependencies 0/0 modules
<s> [webpack.Progress] 25% building 4/14 entries 4/14 dependencies 0/0 modules
<s> [webpack.Progress] 29% building 5/14 entries 5/14 dependencies 0/0 modules
<s> [webpack.Progress] 33% building 6/14 entries 6/14 dependencies 0/0 modules
<s> [webpack.Progress] 37% building 7/14 entries 7/14 dependencies 0/0 modules
<s> [webpack.Progress] 41% building 8/14 entries 8/14 dependencies 0/0 modules
<s> [webpack.Progress] 45% building 9/14 entries 9/14 dependencies 0/0 modules
<s> [webpack.Progress] 49% building 10/14 entries 10/14 dependencies 0/0 modules
<s> [webpack.Progress] 53% building 11/14 entries 11/14 dependencies 0/0 modules
<s> [webpack.Progress] 57% building 12/14 entries 12/14 dependencies 0/0 modules
<s> [webpack.Progress] 61% building 13/14 entries 13/14 dependencies 0/0 modules
<s> [webpack.Progress] 65% building 14/14 entries 14/14 dependencies 0/0 modules
ERR! Error: NormalModuleFactory.beforeResolve (IgnorePlugin, IgnorePlugin) is no longer a waterfall hook, but a bailing hook instead. Do not return the passed object, but modify it instead. Returning false will ignore the request and results in no module created.
ERR!     at C:\Users\Marco\Trabajo\componentes\learnstorybook-design-system\node_modules\webpack\lib\NormalModuleFactory.js:789:11
ERR!     at Hook.eval [as callAsync] (eval at create (C:\Users\Marco\Trabajo\componentes\learnstorybook-design-system\node_modules\webpack\node_modules\tapable\lib\HookCodeFactory.js:33:10), <anonymous>:16:1)
ERR!     at Hook.CALL_ASYNC_DELEGATE [as _callAsync] (C:\Users\Marco\Trabajo\componentes\learnstorybook-design-system\node_modules\webpack\node_modules\tapable\lib\Hook.js:18:14)
ERR!     at NormalModuleFactory.create (C:\Users\Marco\Trabajo\componentes\learnstorybook-design-system\node_modules\webpack\lib\NormalModuleFactory.js:768:28)
ERR!     at Compilation._factorizeModule (C:\Users\Marco\Trabajo\componentes\learnstorybook-design-system\node_modules\webpack\lib\Compilation.js:1973:11)
ERR!     at C:\Users\Marco\Trabajo\componentes\learnstorybook-design-system\node_modules\webpack\lib\util\AsyncQueue.js:303:10
ERR!     at Hook.eval [as callAsync] (eval at create (C:\Users\Marco\Trabajo\componentes\learnstorybook-design-system\node_modules\webpack\node_modules\tapable\lib\HookCodeFactory.js:33:10), <anonymous>:6:1)
ERR!     at Hook.CALL_ASYNC_DELEGATE [as _callAsync] (C:\Users\Marco\Trabajo\componentes\learnstorybook-design-system\node_modules\webpack\node_modules\tapable\lib\Hook.js:18:14)
ERR!     at AsyncQueue._startProcessing (C:\Users\Marco\Trabajo\componentes\learnstorybook-design-system\node_modules\webpack\lib\util\AsyncQueue.js:293:26)
ERR!     at AsyncQueue._ensureProcessing (C:\Users\Marco\Trabajo\componentes\learnstorybook-design-system\node_modules\webpack\lib\util\AsyncQueue.js:280:12)
ERR!     at processImmediate (node:internal/timers:466:21)
ERR!  Error: NormalModuleFactory.beforeResolve (IgnorePlugin, IgnorePlugin) is no longer a waterfall hook, but a bailing hook instead. Do not return the passed object, but modify it instead. Returning false will ignore the request and results in no module created.
ERR!     at C:\Users\Marco\Trabajo\componentes\learnstorybook-design-system\node_modules\webpack\lib\NormalModuleFactory.js:789:11
ERR!     at Hook.eval [as callAsync] (eval at create (C:\Users\Marco\Trabajo\componentes\learnstorybook-design-system\node_modules\webpack\node_modules\tapable\lib\HookCodeFactory.js:33:10), <anonymous>:16:1)
ERR!     at Hook.CALL_ASYNC_DELEGATE [as _callAsync] (C:\Users\Marco\Trabajo\componentes\learnstorybook-design-system\node_modules\webpack\node_modules\tapable\lib\Hook.js:18:14)
ERR!     at NormalModuleFactory.create (C:\Users\Marco\Trabajo\componentes\learnstorybook-design-system\node_modules\webpack\lib\NormalModuleFactory.js:768:28)
ERR!     at Compilation._factorizeModule (C:\Users\Marco\Trabajo\componentes\learnstorybook-design-system\node_modules\webpack\lib\Compilation.js:1973:11)
ERR!     at C:\Users\Marco\Trabajo\componentes\learnstorybook-design-system\node_modules\webpack\lib\util\AsyncQueue.js:303:10
ERR!     at Hook.eval [as callAsync] (eval at create (C:\Users\Marco\Trabajo\componentes\learnstorybook-design-system\node_modules\webpack\node_modules\tapable\lib\HookCodeFactory.js:33:10), <anonymous>:6:1)
ERR!     at Hook.CALL_ASYNC_DELEGATE [as _callAsync] (C:\Users\Marco\Trabajo\componentes\learnstorybook-design-system\node_modules\webpack\node_modules\tapable\lib\Hook.js:18:14)
ERR!     at AsyncQueue._startProcessing (C:\Users\Marco\Trabajo\componentes\learnstorybook-design-system\node_modules\webpack\lib\util\AsyncQueue.js:293:26)
ERR!     at AsyncQueue._ensureProcessing (C:\Users\Marco\Trabajo\componentes\learnstorybook-design-system\node_modules\webpack\lib\util\AsyncQueue.js:280:12)
ERR!     at processImmediate (node:internal/timers:466:21)
